2021-08-17 02:59:50.223 - INFO - 5443 - azureml.train.automl._experiment_drivers.driver_utilities.modify_run_configuration:199 - Package azureml-train-automl missing from dependencies file.
2021-08-17 02:59:50.225 - INFO - 5443 - azureml.train.automl._experiment_drivers.driver_utilities.modify_run_configuration:205 - Using pinned version: azureml-train-automl==1.33.0.*
2021-08-17 02:59:50.226 - INFO - 5443 - azureml.train.automl._experiment_drivers.driver_utilities.modify_run_configuration:199 - Package pandas missing from dependencies file.
2021-08-17 02:59:50.227 - INFO - 5443 - azureml.train.automl._experiment_drivers.driver_utilities.modify_run_configuration:205 - Using pinned version: pandas==0.25.1
2021-08-17 02:59:50.227 - INFO - 5443 - azureml.train.automl._experiment_drivers.driver_utilities.modify_run_configuration:199 - Package psutil missing from dependencies file.
2021-08-17 02:59:50.227 - INFO - 5443 - azureml.train.automl._experiment_drivers.driver_utilities.modify_run_configuration:205 - Using pinned version: psutil>5.0.0,<6.0.0
2021-08-17 02:59:50.228 - INFO - 5443 - azureml.train.automl._experiment_drivers.driver_utilities.modify_run_configuration:199 - Package scikit-learn missing from dependencies file.
2021-08-17 02:59:50.228 - INFO - 5443 - azureml.train.automl._experiment_drivers.driver_utilities.modify_run_configuration:205 - Using pinned version: scikit-learn==0.22.1
2021-08-17 02:59:50.229 - INFO - 5443 - azureml.train.automl._experiment_drivers.driver_utilities.modify_run_configuration:199 - Package numpy missing from dependencies file.
2021-08-17 02:59:50.229 - INFO - 5443 - azureml.train.automl._experiment_drivers.driver_utilities.modify_run_configuration:205 - Using pinned version: numpy~=1.18.0
2021-08-17 02:59:50.230 - INFO - 5443 - azureml.train.automl._experiment_drivers.driver_utilities.modify_run_configuration:199 - Package py-xgboost missing from dependencies file.
2021-08-17 02:59:50.230 - INFO - 5443 - azureml.train.automl._experiment_drivers.driver_utilities.modify_run_configuration:205 - Using pinned version: py-xgboost<=0.90
2021-08-17 02:59:50.230 - INFO - 5443 - azureml.train.automl._experiment_drivers.driver_utilities.modify_run_configuration:199 - Package inference-schema missing from dependencies file.
2021-08-17 02:59:50.231 - INFO - 5443 - azureml.train.automl._experiment_drivers.driver_utilities.modify_run_configuration:199 - Package fbprophet missing from dependencies file.
2021-08-17 02:59:50.231 - INFO - 5443 - azureml.train.automl._experiment_drivers.driver_utilities.modify_run_configuration:205 - Using pinned version: fbprophet==0.5
2021-08-17 02:59:50.231 - INFO - 5443 - azureml.train.automl._experiment_drivers.driver_utilities.modify_run_configuration:199 - Package setuptools-git missing from dependencies file.
2021-08-17 02:59:50.232 - INFO - 5443 - azureml.automl.core.dataset_utilities._save_datasets_to_json:131 - JSON serialization of input of type <class 'NoneType'> is un-supported.
2021-08-17 02:59:50.232 - INFO - 5443 - azureml.automl.core.dataset_utilities._save_datasets_to_json:131 - JSON serialization of input of type <class 'NoneType'> is un-supported.
2021-08-17 02:59:50.233 - INFO - 5443 - azureml.train.automl._experiment_drivers.driver_utilities.validate_input:124 - Start data validation.
2021-08-17 03:00:13.967 - INFO - 5443 - azureml.train.automl._experiment_drivers.driver_utilities.validate_input:137 - Validation service found the data has no errors.
2021-08-17 03:00:13.970 - INFO - 5443 - azureml.train.automl._experiment_drivers.driver_utilities.create_remote_parent_run:381 - Start creating parent run.
2021-08-17 03:00:14.889 - INFO - 5443 - azureml.train.automl._experiment_drivers.driver_utilities.create_remote_parent_run:401 - [ParentRunID:AutoML_3eb54c5b-48e8-48ad-96f2-a138d2520bc0] Remote run using input X and y.
2021-08-17 03:00:15.596 - INFO - 5443 - azureml.train.automl._experiment_drivers.driver_utilities.start_remote_run:336 - Starting a snapshot run (snapshot_id : None)
2021-08-26 07:07:44.577 - INFO - 19687 - azureml.train.automl._experiment_drivers.driver_utilities.modify_run_configuration:199 - Package azureml-train-automl missing from dependencies file.
2021-08-26 07:07:44.579 - INFO - 19687 - azureml.train.automl._experiment_drivers.driver_utilities.modify_run_configuration:205 - Using pinned version: azureml-train-automl==1.33.0.*
2021-08-26 07:07:44.581 - INFO - 19687 - azureml.train.automl._experiment_drivers.driver_utilities.modify_run_configuration:199 - Package pandas missing from dependencies file.
2021-08-26 07:07:44.582 - INFO - 19687 - azureml.train.automl._experiment_drivers.driver_utilities.modify_run_configuration:205 - Using pinned version: pandas==0.25.1
2021-08-26 07:07:44.583 - INFO - 19687 - azureml.train.automl._experiment_drivers.driver_utilities.modify_run_configuration:199 - Package psutil missing from dependencies file.
2021-08-26 07:07:44.584 - INFO - 19687 - azureml.train.automl._experiment_drivers.driver_utilities.modify_run_configuration:205 - Using pinned version: psutil>5.0.0,<6.0.0
2021-08-26 07:07:44.584 - INFO - 19687 - azureml.train.automl._experiment_drivers.driver_utilities.modify_run_configuration:199 - Package scikit-learn missing from dependencies file.
2021-08-26 07:07:44.584 - INFO - 19687 - azureml.train.automl._experiment_drivers.driver_utilities.modify_run_configuration:205 - Using pinned version: scikit-learn==0.22.1
2021-08-26 07:07:44.585 - INFO - 19687 - azureml.train.automl._experiment_drivers.driver_utilities.modify_run_configuration:199 - Package numpy missing from dependencies file.
2021-08-26 07:07:44.585 - INFO - 19687 - azureml.train.automl._experiment_drivers.driver_utilities.modify_run_configuration:205 - Using pinned version: numpy~=1.18.0
2021-08-26 07:07:44.585 - INFO - 19687 - azureml.train.automl._experiment_drivers.driver_utilities.modify_run_configuration:199 - Package py-xgboost missing from dependencies file.
2021-08-26 07:07:44.586 - INFO - 19687 - azureml.train.automl._experiment_drivers.driver_utilities.modify_run_configuration:205 - Using pinned version: py-xgboost<=0.90
2021-08-26 07:07:44.586 - INFO - 19687 - azureml.train.automl._experiment_drivers.driver_utilities.modify_run_configuration:199 - Package inference-schema missing from dependencies file.
2021-08-26 07:07:44.587 - INFO - 19687 - azureml.train.automl._experiment_drivers.driver_utilities.modify_run_configuration:199 - Package fbprophet missing from dependencies file.
2021-08-26 07:07:44.587 - INFO - 19687 - azureml.train.automl._experiment_drivers.driver_utilities.modify_run_configuration:205 - Using pinned version: fbprophet==0.5
2021-08-26 07:07:44.587 - INFO - 19687 - azureml.train.automl._experiment_drivers.driver_utilities.modify_run_configuration:199 - Package setuptools-git missing from dependencies file.
2021-08-26 07:07:44.588 - INFO - 19687 - azureml.automl.core.dataset_utilities._save_datasets_to_json:131 - JSON serialization of input of type <class 'NoneType'> is un-supported.
2021-08-26 07:07:44.588 - INFO - 19687 - azureml.automl.core.dataset_utilities._save_datasets_to_json:131 - JSON serialization of input of type <class 'NoneType'> is un-supported.
2021-08-26 07:07:44.589 - INFO - 19687 - azureml.train.automl._experiment_drivers.driver_utilities.validate_input:124 - Start data validation.
2021-08-26 07:08:09.478 - INFO - 19687 - azureml.train.automl._experiment_drivers.driver_utilities.validate_input:137 - Validation service found the data has no errors.
2021-08-26 07:08:09.479 - INFO - 19687 - azureml.train.automl._experiment_drivers.driver_utilities.create_remote_parent_run:381 - Start creating parent run.
2021-08-26 07:08:10.525 - INFO - 19687 - azureml.train.automl._experiment_drivers.driver_utilities.create_remote_parent_run:401 - [ParentRunID:AutoML_45c791c1-9919-4599-9648-4282ce03dbd7] Remote run using input X and y.
2021-08-26 07:08:11.222 - INFO - 19687 - azureml.train.automl._experiment_drivers.driver_utilities.start_remote_run:336 - Starting a snapshot run (snapshot_id : None)
2021-08-26 07:29:35.352 - INFO - 22450 - azureml.train.automl._experiment_drivers.driver_utilities.modify_run_configuration:199 - Package azureml-train-automl missing from dependencies file.
2021-08-26 07:29:35.353 - INFO - 22450 - azureml.train.automl._experiment_drivers.driver_utilities.modify_run_configuration:205 - Using pinned version: azureml-train-automl==1.33.0.*
2021-08-26 07:29:35.353 - INFO - 22450 - azureml.train.automl._experiment_drivers.driver_utilities.modify_run_configuration:199 - Package pandas missing from dependencies file.
2021-08-26 07:29:35.354 - INFO - 22450 - azureml.train.automl._experiment_drivers.driver_utilities.modify_run_configuration:205 - Using pinned version: pandas==0.25.1
2021-08-26 07:29:35.354 - INFO - 22450 - azureml.train.automl._experiment_drivers.driver_utilities.modify_run_configuration:199 - Package psutil missing from dependencies file.
2021-08-26 07:29:35.354 - INFO - 22450 - azureml.train.automl._experiment_drivers.driver_utilities.modify_run_configuration:205 - Using pinned version: psutil>5.0.0,<6.0.0
2021-08-26 07:29:35.355 - INFO - 22450 - azureml.train.automl._experiment_drivers.driver_utilities.modify_run_configuration:199 - Package scikit-learn missing from dependencies file.
2021-08-26 07:29:35.355 - INFO - 22450 - azureml.train.automl._experiment_drivers.driver_utilities.modify_run_configuration:205 - Using pinned version: scikit-learn==0.22.1
2021-08-26 07:29:35.355 - INFO - 22450 - azureml.train.automl._experiment_drivers.driver_utilities.modify_run_configuration:199 - Package numpy missing from dependencies file.
2021-08-26 07:29:35.355 - INFO - 22450 - azureml.train.automl._experiment_drivers.driver_utilities.modify_run_configuration:205 - Using pinned version: numpy~=1.18.0
2021-08-26 07:29:35.356 - INFO - 22450 - azureml.train.automl._experiment_drivers.driver_utilities.modify_run_configuration:199 - Package py-xgboost missing from dependencies file.
2021-08-26 07:29:35.356 - INFO - 22450 - azureml.train.automl._experiment_drivers.driver_utilities.modify_run_configuration:205 - Using pinned version: py-xgboost<=0.90
2021-08-26 07:29:35.357 - INFO - 22450 - azureml.train.automl._experiment_drivers.driver_utilities.modify_run_configuration:199 - Package inference-schema missing from dependencies file.
2021-08-26 07:29:35.357 - INFO - 22450 - azureml.train.automl._experiment_drivers.driver_utilities.modify_run_configuration:199 - Package fbprophet missing from dependencies file.
2021-08-26 07:29:35.359 - INFO - 22450 - azureml.train.automl._experiment_drivers.driver_utilities.modify_run_configuration:205 - Using pinned version: fbprophet==0.5
2021-08-26 07:29:35.359 - INFO - 22450 - azureml.train.automl._experiment_drivers.driver_utilities.modify_run_configuration:199 - Package setuptools-git missing from dependencies file.
2021-08-26 07:29:35.360 - INFO - 22450 - azureml.automl.core.dataset_utilities._save_datasets_to_json:131 - JSON serialization of input of type <class 'NoneType'> is un-supported.
2021-08-26 07:29:35.361 - INFO - 22450 - azureml.automl.core.dataset_utilities._save_datasets_to_json:131 - JSON serialization of input of type <class 'NoneType'> is un-supported.
2021-08-26 07:29:35.362 - INFO - 22450 - azureml.train.automl._experiment_drivers.driver_utilities.validate_input:124 - Start data validation.
2021-08-26 07:29:50.985 - INFO - 22450 - azureml.train.automl._experiment_drivers.driver_utilities.validate_input:137 - Validation service found the data has no errors.
2021-08-26 07:29:50.989 - INFO - 22450 - azureml.train.automl._experiment_drivers.driver_utilities.create_remote_parent_run:381 - Start creating parent run.
2021-08-26 07:29:52.040 - INFO - 22450 - azureml.train.automl._experiment_drivers.driver_utilities.create_remote_parent_run:401 - [ParentRunID:AutoML_9db9ca48-b10d-4b82-847e-cd3d7b4258a4] Remote run using input X and y.
2021-08-26 07:29:52.713 - INFO - 22450 - azureml.train.automl._experiment_drivers.driver_utilities.start_remote_run:336 - Starting a snapshot run (snapshot_id : None)
